<?xml version="1.0" encoding="UTF-8"?>
<!-- Generated by org.testng.reporters.JUnitReportReporter -->
<testsuite hostname="RAJA" failures="0" tests="1" name="com.qa.testscripts.TC_Blogs_01" time="49.121" errors="0" timestamp="2021-09-22T12:03:48 IST" skipped="0">
  <testcase classname="com.qa.testscripts.TC_Blogs_01" name="blogElement" time="49.121"/>
  <system-out>
    <![CDATA[Contains the title blog
redirected to the virgin gorda beaches and lobste page
Blog Elements were present
Contains the title offers
redirected to the lunch discount page
Offer Elements were present
Contains the title contact]]>
  </system-out>
</testsuite> <!-- com.qa.testscripts.TC_Blogs_01 -->
