<?xml version="1.0" encoding="UTF-8"?>
<!-- Generated by org.testng.reporters.JUnitReportReporter -->
<testsuite hostname="RAJA" failures="0" tests="1" name="com.qa.testscripts.TC_Hotel_01" time="28.501" errors="0" timestamp="2021-09-22T12:03:48 IST" skipped="0">
  <testcase classname="com.qa.testscripts.TC_Hotel_01" name="HotelBooking" time="28.501"/>
  <system-out>
    <![CDATA[User is on Hotels Page
User is on Hotels suggestion page]]>
  </system-out>
</testsuite> <!-- com.qa.testscripts.TC_Hotel_01 -->
