<?xml version="1.0" encoding="UTF-8"?>
<!-- Generated by org.testng.reporters.JUnitReportReporter -->
<testsuite hostname="RAJA" failures="0" tests="1" name="com.qa.testscripts.TC_Tours_01" time="42.725" errors="0" timestamp="2021-09-22T12:03:48 IST" skipped="0">
  <testcase classname="com.qa.testscripts.TC_Tours_01" name="tour" time="42.725"/>
  <system-out>
    <![CDATA[Hyderabad,India
Hyder,United States
Hyderabad,Pakistan
Hydaburg,United States]]>
  </system-out>
</testsuite> <!-- com.qa.testscripts.TC_Tours_01 -->
