<?xml version="1.0" encoding="UTF-8"?>
<!-- Generated by org.testng.reporters.JUnitReportReporter -->
<testsuite hostname="RAJA" failures="0" tests="1" name="com.qa.testscripts.Tours" time="65.704" errors="0" timestamp="2021-09-14T16:01:22 IST" skipped="0">
  <testcase classname="com.qa.testscripts.Tours" name="tours" time="65.704"/>
  <system-out/>
</testsuite> <!-- com.qa.testscripts.Tours -->
