<?xml version="1.0" encoding="UTF-8"?>
<!-- Generated by org.testng.reporters.JUnitReportReporter -->
<testsuite hostname="RAJA" failures="0" tests="2" name="com.qa.testscripts.TC_LoginAndLogout_01" time="13.751" errors="0" timestamp="2021-09-22T12:03:48 IST" skipped="0">
  <testcase classname="com.qa.testscripts.TC_LoginAndLogout_01" name="login" time="8.933"/>
  <system-out>
    <![CDATA[Login Successful]]>
  </system-out>
  <testcase classname="com.qa.testscripts.TC_LoginAndLogout_01" name="logout" time="4.818"/>
  <system-out>
    <![CDATA[Logout Successful]]>
  </system-out>
</testsuite> <!-- com.qa.testscripts.TC_LoginAndLogout_01 -->
