<?xml version="1.0" encoding="UTF-8"?>
<!-- Generated by org.testng.reporters.JUnitReportReporter -->
<testsuite hostname="RAJA" failures="0" tests="2" name="com.qa.testscripts.TC_PHP_Travels_Visa_01" time="77.177" errors="0" timestamp="2021-09-14T16:01:22 IST" skipped="0">
  <testcase classname="com.qa.testscripts.TC_PHP_Travels_Visa_01" name="VisaTestCase" time="38.433"/>
  <system-out>
    <![CDATA[Title contains the word Submit Visa]]>
  </system-out>
  <testcase classname="com.qa.testscripts.TC_PHP_Travels_Visa_01" name="VisaTestCase" time="38.744"/>
  <system-out>
    <![CDATA[Title contains the word Submit Visa]]>
  </system-out>
</testsuite> <!-- com.qa.testscripts.TC_PHP_Travels_Visa_01 -->
